This is pdfTeX, Version 3.141592653-2.6-1.40.27 (TeX Live 2025) (preloaded format=pdflatex 2025.10.8)  22 MAR 2026 15:40
entering extended mode
 restricted \write18 enabled.
 %&-line parsing enabled.
**main.tex
(./main.tex
LaTeX2e <2024-11-01> patch level 2
L3 programming layer <2025-01-18>
(./svjour3.cls
Document Class: svjour3 2007/05/08 v3.2 
LaTeX document class for Springer journals
(/usr/local/texlive/2025/texmf-dist/tex/latex/base/fleqn.clo
File: fleqn.clo 2016/12/29 v1.2b Standard LaTeX option (flush left equations)
\mathindent=\skip49
Applying: [2015/01/01] Make \[ robust on input line 50.
LaTeX Info: Redefining \[ on input line 51.
Already applied: [0000/00/00] Make \[ robust on input line 62.
Applying: [2015/01/01] Make \] robust on input line 74.
LaTeX Info: Redefining \] on input line 75.
Already applied: [0000/00/00] Make \] robust on input line 83.
)
Class Springer-SVJour3 Info: extra/valid Springer sub-package (-> *.clo) 
(Springer-SVJour3)           not found in option list of \documentclass
(Springer-SVJour3)           - autoactivating "global" style.
 (./svglov3.clo
File: svglov3.clo 2009/12/18 v3.2 style option for standardised journals

SVJour Class option: svglov3.clo for standardised journals
)
LaTeX Font Info:    Redeclaring math symbol \Gamma on input line 147.
LaTeX Font Info:    Redeclaring math symbol \Delta on input line 148.
LaTeX Font Info:    Redeclaring math symbol \Theta on input line 149.
LaTeX Font Info:    Redeclaring math symbol \Lambda on input line 150.
LaTeX Font Info:    Redeclaring math symbol \Xi on input line 151.
LaTeX Font Info:    Redeclaring math symbol \Pi on input line 152.
LaTeX Font Info:    Redeclaring math symbol \Sigma on input line 153.
LaTeX Font Info:    Redeclaring math symbol \Upsilon on input line 154.
LaTeX Font Info:    Redeclaring math symbol \Phi on input line 155.
LaTeX Font Info:    Redeclaring math symbol \Psi on input line 156.
LaTeX Font Info:    Redeclaring math symbol \Omega on input line 157.
\logodepth=\dimen141
\headerboxheight=\dimen142
\betweenumberspace=\dimen143
\aftertext=\dimen144
\headlineindent=\dimen145
\c@inst=\count196
\c@auth=\count197
\instindent=\dimen146
\authrun=\box52
\authorrunning=\toks17
\titrun=\box53
\titlerunning=\toks18
\combirun=\box54
\c@lastpage=\count198
\rubricwidth=\dimen147
\c@section=\count199
\c@subsection=\count266
\c@subsubsection=\count267
\c@paragraph=\count268
\c@subparagraph=\count269
\spthmsep=\dimen148
\c@theorem=\count270
\c@case=\count271
\c@conjecture=\count272
\c@corollary=\count273
\c@definition=\count274
\c@example=\count275
\c@exercise=\count276
\c@lemma=\count277
\c@note=\count278
\c@problem=\count279
\c@property=\count280
\c@proposition=\count281
\c@question=\count282
\c@solution=\count283
\c@remark=\count284
\c@figure=\count285
\c@table=\count286
\abovecaptionskip=\skip50
\belowcaptionskip=\skip51
\figcapgap=\dimen149
\tabcapgap=\dimen150
\figgap=\dimen151
\bibindent=\dimen152
\@tempcntc=\count287
) (/usr/local/texlive/2025/texmf-dist/tex/latex/base/fontenc.sty
Package: fontenc 2021/04/29 v2.0v Standard LaTeX package
)
(/usr/local/texlive/2025/texmf-dist/tex/latex/base/inputenc.sty
Package: inputenc 2024/02/08 v1.3d Input encoding file
\inpenc@prehook=\toks19
\inpenc@posthook=\toks20
)
(/usr/local/texlive/2025/texmf-dist/tex/latex/psnfss/mathptmx.sty
Package: mathptmx 2020/03/25 PSNFSS-v9.3 Times w/ Math, improved (SPQR, WaS) 
LaTeX Font Info:    Redeclaring symbol font `operators' on input line 28.
LaTeX Font Info:    Overwriting symbol font `operators' in version `normal'
(Font)                  OT1/cmr/m/n --> OT1/ztmcm/m/n on input line 28.
LaTeX Font Info:    Overwriting symbol font `operators' in version `bold'
(Font)                  OT1/cmr/bx/n --> OT1/ztmcm/m/n on input line 28.
LaTeX Font Info:    Redeclaring symbol font `letters' on input line 29.
LaTeX Font Info:    Overwriting symbol font `letters' in version `normal'
(Font)                  OML/cmm/m/it --> OML/ztmcm/m/it on input line 29.
LaTeX Font Info:    Overwriting symbol font `letters' in version `bold'
(Font)                  OML/cmm/b/it --> OML/ztmcm/m/it on input line 29.
LaTeX Font Info:    Redeclaring symbol font `symbols' on input line 30.
LaTeX Font Info:    Overwriting symbol font `symbols' in version `normal'
(Font)                  OMS/cmsy/m/n --> OMS/ztmcm/m/n on input line 30.
LaTeX Font Info:    Overwriting symbol font `symbols' in version `bold'
(Font)                  OMS/cmsy/b/n --> OMS/ztmcm/m/n on input line 30.
LaTeX Font Info:    Redeclaring symbol font `largesymbols' on input line 31.
LaTeX Font Info:    Overwriting symbol font `largesymbols' in version `normal'
(Font)                  OMX/cmex/m/n --> OMX/ztmcm/m/n on input line 31.
LaTeX Font Info:    Overwriting symbol font `largesymbols' in version `bold'
(Font)                  OMX/cmex/m/n --> OMX/ztmcm/m/n on input line 31.
\symbold=\mathgroup4
\symitalic=\mathgroup5
LaTeX Font Info:    Redeclaring math alphabet \mathbf on input line 34.
LaTeX Font Info:    Overwriting math alphabet `\mathbf' in version `normal'
(Font)                  OT1/cmr/bx/n --> OT1/ptm/bx/n on input line 34.
LaTeX Font Info:    Overwriting math alphabet `\mathbf' in version `bold'
(Font)                  OT1/cmr/bx/n --> OT1/ptm/bx/n on input line 34.
LaTeX Font Info:    Redeclaring math alphabet \mathit on input line 35.
LaTeX Font Info:    Overwriting math alphabet `\mathit' in version `normal'
(Font)                  OT1/cmr/m/it --> OT1/ptm/m/it on input line 35.
LaTeX Font Info:    Overwriting math alphabet `\mathit' in version `bold'
(Font)                  OT1/cmr/bx/it --> OT1/ptm/m/it on input line 35.
LaTeX Info: Redefining \hbar on input line 50.
)
(/usr/local/texlive/2025/texmf-dist/tex/latex/amsmath/amsmath.sty
Package: amsmath 2024/11/05 v2.17t AMS math features
\@mathmargin=\skip52

For additional information on amsmath, use the `?' option.
(/usr/local/texlive/2025/texmf-dist/tex/latex/amsmath/amstext.sty
Package: amstext 2021/08/26 v2.01 AMS text

(/usr/local/texlive/2025/texmf-dist/tex/latex/amsmath/amsgen.sty
File: amsgen.sty 1999/11/30 v2.0 generic functions
\@emptytoks=\toks21
\ex@=\dimen153
))
(/usr/local/texlive/2025/texmf-dist/tex/latex/amsmath/amsbsy.sty
Package: amsbsy 1999/11/29 v1.2d Bold Symbols
\pmbraise@=\dimen154
)
(/usr/local/texlive/2025/texmf-dist/tex/latex/amsmath/amsopn.sty
Package: amsopn 2022/04/08 v2.04 operator names
)
\inf@bad=\count288
LaTeX Info: Redefining \frac on input line 233.
\uproot@=\count289
\leftroot@=\count290
LaTeX Info: Redefining \overline on input line 398.
LaTeX Info: Redefining \colon on input line 409.
\classnum@=\count291
\DOTSCASE@=\count292
LaTeX Info: Redefining \ldots on input line 495.
LaTeX Info: Redefining \dots on input line 498.
LaTeX Info: Redefining \cdots on input line 619.
\Mathstrutbox@=\box55
\strutbox@=\box56
LaTeX Info: Redefining \big on input line 721.
LaTeX Info: Redefining \Big on input line 722.
LaTeX Info: Redefining \bigg on input line 723.
LaTeX Info: Redefining \Bigg on input line 724.
\big@size=\dimen155
LaTeX Font Info:    Redeclaring font encoding OML on input line 742.
LaTeX Font Info:    Redeclaring font encoding OMS on input line 743.
\macc@depth=\count293
LaTeX Info: Redefining \bmod on input line 904.
LaTeX Info: Redefining \pmod on input line 909.
LaTeX Info: Redefining \smash on input line 939.
LaTeX Info: Redefining \relbar on input line 969.
LaTeX Info: Redefining \Relbar on input line 970.
\c@MaxMatrixCols=\count294
\dotsspace@=\muskip17
\c@parentequation=\count295
\dspbrk@lvl=\count296
\tag@help=\toks22
\row@=\count297
\column@=\count298
\maxfields@=\count299
\andhelp@=\toks23
\eqnshift@=\dimen156
\alignsep@=\dimen157
\tagshift@=\dimen158
\tagwidth@=\dimen159
\totwidth@=\dimen160
\lineht@=\dimen161
\@envbody=\toks24
\multlinegap=\skip53
\multlinetaggap=\skip54
\mathdisplay@stack=\toks25
LaTeX Info: Redefining \[ on input line 2953.
LaTeX Info: Redefining \] on input line 2954.
)
(/usr/local/texlive/2025/texmf-dist/tex/latex/graphics/graphicx.sty
Package: graphicx 2021/09/16 v1.2d Enhanced LaTeX Graphics (DPC,SPQR)

(/usr/local/texlive/2025/texmf-dist/tex/latex/graphics/keyval.sty
Package: keyval 2022/05/29 v1.15 key=value parser (DPC)
\KV@toks@=\toks26
)
(/usr/local/texlive/2025/texmf-dist/tex/latex/graphics/graphics.sty
Package: graphics 2024/08/06 v1.4g Standard LaTeX Graphics (DPC,SPQR)

(/usr/local/texlive/2025/texmf-dist/tex/latex/graphics/trig.sty
Package: trig 2023/12/02 v1.11 sin cos tan (DPC)
)
(/usr/local/texlive/2025/texmf-dist/tex/latex/graphics-cfg/graphics.cfg
File: graphics.cfg 2016/06/04 v1.11 sample graphics configuration
)
Package graphics Info: Driver file: pdftex.def on input line 106.

(/usr/local/texlive/2025/texmf-dist/tex/latex/graphics-def/pdftex.def
File: pdftex.def 2024/04/13 v1.2c Graphics/color driver for pdftex
))
\Gin@req@height=\dimen162
\Gin@req@width=\dimen163
)
(/usr/local/texlive/2025/texmf-dist/tex/latex/booktabs/booktabs.sty
Package: booktabs 2020/01/12 v1.61803398 Publication quality tables
\heavyrulewidth=\dimen164
\lightrulewidth=\dimen165
\cmidrulewidth=\dimen166
\belowrulesep=\dimen167
\belowbottomsep=\dimen168
\aboverulesep=\dimen169
\abovetopsep=\dimen170
\cmidrulesep=\dimen171
\cmidrulekern=\dimen172
\defaultaddspace=\dimen173
\@cmidla=\count300
\@cmidlb=\count301
\@aboverulesep=\dimen174
\@belowrulesep=\dimen175
\@thisruleclass=\count302
\@lastruleclass=\count303
\@thisrulewidth=\dimen176
)
(/usr/local/texlive/2025/texmf-dist/tex/latex/tools/array.sty
Package: array 2024/10/17 v2.6g Tabular extension package (FMi)
\col@sep=\dimen177
\ar@mcellbox=\box57
\extrarowheight=\dimen178
\NC@list=\toks27
\extratabsurround=\skip55
\backup@length=\skip56
\ar@cellbox=\box58
)
(/usr/local/texlive/2025/texmf-dist/tex/latex/url/url.sty
\Urlmuskip=\muskip18
Package: url 2013/09/16  ver 3.4  Verb mode for urls, etc.
)
LaTeX Font Info:    Trying to load font information for T1+ptm on input line 15
.

(/usr/local/texlive/2025/texmf-dist/tex/latex/psnfss/t1ptm.fd
File: t1ptm.fd 2001/06/04 font definitions for T1/ptm.
)
(/usr/local/texlive/2025/texmf-dist/tex/latex/l3backend/l3backend-pdftex.def
File: l3backend-pdftex.def 2024-05-08 L3 backend support: PDF output (pdfTeX)
\l__color_backend_stack_int=\count304
\l__pdf_internal_box=\box59
)
(./main.aux)
\openout1 = `main.aux'.

LaTeX Font Info:    Checking defaults for OML/cmm/m/it on input line 15.
LaTeX Font Info:    ... okay on input line 15.
LaTeX Font Info:    Checking defaults for OMS/cmsy/m/n on input line 15.
LaTeX Font Info:    ... okay on input line 15.
LaTeX Font Info:    Checking defaults for OT1/cmr/m/n on input line 15.
LaTeX Font Info:    ... okay on input line 15.
LaTeX Font Info:    Checking defaults for T1/cmr/m/n on input line 15.
LaTeX Font Info:    ... okay on input line 15.
LaTeX Font Info:    Checking defaults for TS1/cmr/m/n on input line 15.
LaTeX Font Info:    ... okay on input line 15.
LaTeX Font Info:    Checking defaults for OMX/cmex/m/n on input line 15.
LaTeX Font Info:    ... okay on input line 15.
LaTeX Font Info:    Checking defaults for U/cmr/m/n on input line 15.
LaTeX Font Info:    ... okay on input line 15.

(/usr/local/texlive/2025/texmf-dist/tex/context/base/mkii/supp-pdf.mkii
[Loading MPS to PDF converter (version 2006.09.02).]
\scratchcounter=\count305
\scratchdimen=\dimen179
\scratchbox=\box60
\nofMPsegments=\count306
\nofMParguments=\count307
\everyMPshowfont=\toks28
\MPscratchCnt=\count308
\MPscratchDim=\dimen180
\MPnumerator=\count309
\makeMPintoPDFobject=\count310
\everyMPtoPDFconversion=\toks29
) (/usr/local/texlive/2025/texmf-dist/tex/latex/epstopdf-pkg/epstopdf-base.sty
Package: epstopdf-base 2020-01-24 v2.11 Base part for package epstopdf
Package epstopdf-base Info: Redefining graphics rule for `.eps' on input line 4
85.

(/usr/local/texlive/2025/texmf-dist/tex/latex/latexconfig/epstopdf-sys.cfg
File: epstopdf-sys.cfg 2010/07/13 v1.3 Configuration of (r)epstopdf for TeX Liv
e
))

Package mathptmx Warning: There are no bold math fonts on input line 40.

LaTeX Font Info:    Trying to load font information for OT1+ztmcm on input line
 40.
(/usr/local/texlive/2025/texmf-dist/tex/latex/psnfss/ot1ztmcm.fd
File: ot1ztmcm.fd 2000/01/03 Fontinst v1.801 font definitions for OT1/ztmcm.
)
LaTeX Font Info:    Trying to load font information for OML+ztmcm on input line
 40.

(/usr/local/texlive/2025/texmf-dist/tex/latex/psnfss/omlztmcm.fd
File: omlztmcm.fd 2000/01/03 Fontinst v1.801 font definitions for OML/ztmcm.
)
LaTeX Font Info:    Trying to load font information for OMS+ztmcm on input line
 40.

(/usr/local/texlive/2025/texmf-dist/tex/latex/psnfss/omsztmcm.fd
File: omsztmcm.fd 2000/01/03 Fontinst v1.801 font definitions for OMS/ztmcm.
)
LaTeX Font Info:    Trying to load font information for OMX+ztmcm on input line
 40.

(/usr/local/texlive/2025/texmf-dist/tex/latex/psnfss/omxztmcm.fd
File: omxztmcm.fd 2000/01/03 Fontinst v1.801 font definitions for OMX/ztmcm.
)
LaTeX Font Info:    Trying to load font information for OT1+ptm on input line 4
0.

(/usr/local/texlive/2025/texmf-dist/tex/latex/psnfss/ot1ptm.fd
File: ot1ptm.fd 2001/06/04 font definitions for OT1/ptm.
)
LaTeX Font Info:    Font shape `OT1/ptm/bx/n' in size <10> not available
(Font)              Font shape `OT1/ptm/b/n' tried instead on input line 40.
LaTeX Font Info:    Font shape `OT1/ptm/bx/n' in size <7.4> not available
(Font)              Font shape `OT1/ptm/b/n' tried instead on input line 40.
LaTeX Font Info:    Font shape `OT1/ptm/bx/n' in size <6> not available
(Font)              Font shape `OT1/ptm/b/n' tried instead on input line 40.
LaTeX Font Info:    Calculating math sizes for size <8.5> on input line 40.
LaTeX Font Info:    Font shape `OT1/ptm/bx/n' in size <8.5> not available
(Font)              Font shape `OT1/ptm/b/n' tried instead on input line 40.
LaTeX Font Info:    Font shape `OT1/ptm/bx/n' in size <6.29004> not available
(Font)              Font shape `OT1/ptm/b/n' tried instead on input line 40.
LaTeX Font Info:    Font shape `OT1/ptm/bx/n' in size <5.10005> not available
(Font)              Font shape `OT1/ptm/b/n' tried instead on input line 40.

Overfull \hbox (1.63316pt too wide) in paragraph at lines 43--44
\T1/ptm/m/n/10 eval-u-ates an asym-met-ric sine wave model as a low-parameter
 []


Overfull \hbox (3.46304pt too wide) in paragraph at lines 43--44
\T1/ptm/m/n/10 based base-line (RTBP), a fitted-parameter model [sinBP(M)],
 []


Overfull \hbox (3.7323pt too wide) in paragraph at lines 43--44
\T1/ptm/m/n/10 time-series re-evaluation, sinBP(D) achieved the low-est mean
 []


Overfull \hbox (10.2232pt too wide) in paragraph at lines 43--44
\T1/ptm/m/n/10 absolute-error val-ues, with MAE/RMSE of 18.96/24.16 mmHg
 []


Overfull \hbox (4.53413pt too wide) in paragraph at lines 43--44
\T1/ptm/m/n/10 pres-sure. How-ever, recording-group-aware val-i-da-tion showed
 []


Overfull \hbox (0.44365pt too wide) in paragraph at lines 43--44
\T1/ptm/m/n/10 oriented re-anal-y-sis with group-centered tar-gets and 20 s non
-
 []


Overfull \hbox (6.82289pt too wide) in paragraph at lines 43--44
\T1/ptm/m/n/10 overlapping win-dows, sinBP(D) yielded the best sys-tolic trend
 []




Overfull \hbox (1.92307pt too wide) in paragraph at lines 48--49
\T1/ptm/m/n/10 light cam-era pipelines still op-er-ate at 30 fps, where one fra
me
 []


Overfull \hbox (3.81345pt too wide) in paragraph at lines 50--51
\T1/ptm/m/n/10 a low-parameter whole-wave model is more sta-ble than point-
 []


Overfull \hbox (1.81361pt too wide) in paragraph at lines 50--51
\T1/ptm/m/n/10 based mor-phol-ogy un-der this sam-pling con-straint. The asym-
 []


Overfull \hbox (5.953pt too wide) in paragraph at lines 52--53
\T1/ptm/m/n/10 same pre-pro-cess-ing pipeline: a point-feature base-line (RTBP)
,
 []



[1{/usr/local/texlive/2025/texmf-var/fonts/map/pdftex/updmap/pdftex.map}{/usr/l
ocal/texlive/2025/texmf-dist/fonts/enc/dvips/base/8r.enc}


]
Overfull \hbox (1.71431pt too wide) in paragraph at lines 55--56
\T1/ptm/m/n/10 land-marks [2, 5, 7, 8]. These ap-proaches are use-ful when fidu
-
 []


Overfull \hbox (6.77318pt too wide) in paragraph at lines 57--58
[]\T1/ptm/m/n/10 Recent rPPG-based BP work has in-creas-ingly used higher-
 []


Overfull \hbox (9.63312pt too wide) in paragraph at lines 57--58
\T1/ptm/m/n/10 clude remote-PPG en-sem-ble re-gres-sion [11], ro-bust waveform-

 []


Overfull \hbox (2.16281pt too wide) in paragraph at lines 57--58
\T1/ptm/m/n/10 itly sep-a-rates within-recording fluc-tu-a-tion from cross-subj
ect
 []

<figures/Fig2.png, id=10, 705.1143pt x 363.9999pt>
File: figures/Fig2.png Graphic file (type png)
<use figures/Fig2.png>
Package pdftex.def Info: figures/Fig2.png  used on input line 65.
(pdftex.def)             Requested size: 238.96417pt x 123.35841pt.




[2 <./figures/Fig2.png (PNG copy)>]
Overfull \hbox (2.35333pt too wide) in paragraph at lines 119--121
\T1/ptm/m/n/10 that group's mean SBP or DBP. This tar-get re-moves between-
 []


Overfull \hbox (3.99417pt too wide) in paragraph at lines 122--123
\T1/ptm/m/n/10 aged within each record-ing group us-ing non-overlapping time
 []


Overfull \hbox (11.16318pt too wide) in paragraph at lines 129--130
\T1/ptm/m/n/10 eval-u-a-tion di-rectly and there-fore avoids mak-ing stronger c
laims
 []




Overfull \hbox (6.48402pt too wide) in paragraph at lines 131--132
\T1/ptm/m/n/10 Wave-form qual-ity was eval-u-ated by com-par-ing the raw Green-

 []


Overfull \hbox (4.81389pt too wide) in paragraph at lines 131--132
\T1/ptm/m/n/10 cleaned dataset with recording-group-aware Group-K-Fold val-
 []


Overfull \hbox (7.64407pt too wide) in paragraph at lines 131--132
\T1/ptm/m/n/10 i-da-tion and with the group-centered trend tar-get de-fined abo
ve.
 []


Overfull \hbox (2.09357pt too wide) in paragraph at lines 135--136
\T1/ptm/m/n/10 Table 2[] shows that the asym-met-ric sine fit im-proved all wav
e-
 []

<figures/Fig1.png, id=19, 715.473pt x 251.4996pt>
File: figures/Fig1.png Graphic file (type png)
<use figures/Fig1.png>
Package pdftex.def Info: figures/Fig1.png  used on input line 154.
(pdftex.def)             Requested size: 238.96417pt x 83.99672pt.

Overfull \hbox (21.22214pt too wide) in paragraph at lines 160--161
\T1/ptm/m/n/10 for ab-so-lute BP es-ti-ma-tion. Among the three es-ti-ma-tors, 
sinBP(D)
 []


Overfull \hbox (1.00276pt too wide) in paragraph at lines 160--161
\T1/ptm/m/n/10 time-series eval-u-a-tion, the residual-aware rep-re-sen-ta-tion
 was
 []



[3]
Overfull \hbox (15.30324pt too wide) in paragraph at lines 185--186
\T1/ptm/m/n/10 whole-wave fit-ting be-came more con-vinc-ing. sinBP(D) achieved

 []


Overfull \hbox (20.93271pt too wide) in paragraph at lines 185--186
\T1/ptm/m/n/10 the low-est SBP trend MAE and RMSE, reach-ing 3.22/3.90 mmHg
 []


Overfull \hbox (7.60297pt too wide) in paragraph at lines 185--186
\T1/ptm/m/n/10 the rank-ing be-tween RTBP, sinBP(M), and sinBP(D) re-mained
 []



<figures/Fig5.png, id=24, 375.804pt x 281.5245pt>
File: figures/Fig5.png Graphic file (type png)
<use figures/Fig5.png>
Package pdftex.def Info: figures/Fig5.png  used on input line 209.
(pdftex.def)             Requested size: 238.96417pt x 179.01521pt.

Overfull \hbox (2.6334pt too wide) in paragraph at lines 219--220
\T1/ptm/m/n/10 gre-gate er-ror than the point-feature base-line in the reposito
ry-
 []



[4 <./figures/Fig1.png> <./figures/Fig5.png>]
Overfull \hbox (0.98297pt too wide) in paragraph at lines 222--223
\T1/ptm/m/n/10 The present re-sults re-main far from clin-i-cal de-ploy-ment st
an-
 []


Overfull \hbox (9.13329pt too wide) in paragraph at lines 224--225
[]\T1/ptm/m/n/10 Three ex-pan-sion items are es-pe-cially im-por-tant for journ
al-
 []


Overfull \hbox (2.2929pt too wide) in paragraph at lines 224--225
\T1/ptm/m/n/10 ex-plic-itly so that the ef-fec-tive sam-ple struc-ture is clear
. Third,
 []


Overfull \hbox (3.1732pt too wide) in paragraph at lines 224--225
\T1/ptm/m/n/10 if the pa-per adopts the trend-oriented in-ter-pre-ta-tion sug-g
ested
 []


Overfull \hbox (2.0631pt too wide) in paragraph at lines 227--228
\T1/ptm/m/n/10 base-line. Among the three com-pared es-ti-ma-tors, the residual
-
 []


Overfull \hbox (0.15309pt too wide) in paragraph at lines 227--228
\T1/ptm/m/n/10 aware fitted-wave model sinBP(D) achieved the low-est mean
 []




Overfull \hbox (8.80238pt too wide) in paragraph at lines 229--230
\T1/ptm/m/n/10 low-frame-rate rPPG-based BP trend es-ti-ma-tion within record-
 []

(./main.bbl

[5]
Underfull \hbox (badness 5787) in paragraph at lines 76--81
[]\T1/ptm/m/n/8.5 Jiating Pan, Lishi Liang, Yongbo Liang, Qun-feng Tang,
 []

)



[6

] (./main.aux)
 ***********
LaTeX2e <2024-11-01> patch level 2
L3 programming layer <2025-01-18>
 ***********
 ) 
Here is how much of TeX's memory you used:
 3074 strings out of 473190
 44297 string characters out of 5715800
 454762 words of memory out of 5000000
 26281 multiletter control sequences out of 15000+600000
 601481 words of font info for 102 fonts, out of 8000000 for 9000
 1141 hyphenation exceptions out of 8191
 57i,12n,65p,1658b,332s stack positions out of 10000i,1000n,20000p,200000b,200000s
</usr/local/texlive/2025/texmf-dist/fonts/type1/public/amsfonts/cm/cmex10.pfb
></usr/local/texlive/2025/texmf-dist/fonts/type1/public/amsfonts/cm/cmmi10.pfb>
</usr/local/texlive/2025/texmf-dist/fonts/type1/public/amsfonts/cm/cmr10.pfb></
usr/local/texlive/2025/texmf-dist/fonts/type1/public/amsfonts/cm/cmsy10.pfb></u
sr/local/texlive/2025/texmf-dist/fonts/type1/urw/symbol/usyr.pfb></usr/local/te
xlive/2025/texmf-dist/fonts/type1/urw/symbol/usyr.pfb></usr/local/texlive/2025/
texmf-dist/fonts/type1/urw/times/utmb8a.pfb></usr/local/texlive/2025/texmf-dist
/fonts/type1/urw/times/utmr8a.pfb></usr/local/texlive/2025/texmf-dist/fonts/typ
e1/urw/times/utmri8a.pfb>
Output written on main.pdf (6 pages, 552347 bytes).
PDF statistics:
 75 PDF objects out of 1000 (max. 8388607)
 43 compressed objects within 1 object stream
 0 named destinations out of 1000 (max. 500000)
 16 words of extra memory for PDF output out of 10000 (max. 10000000)

